device: cuda
train: 60000 samples | test: 10000 samples
trainable params (alphas + final fc): 81152
epoch   1/100  lr=5.000  test_acc=0.9828
epoch   2/100  lr=4.950  test_acc=0.9847
epoch   3/100  lr=4.900  test_acc=0.9859
epoch   4/100  lr=4.850  test_acc=0.9910
epoch   5/100  lr=4.800  test_acc=0.9899
epoch   6/100  lr=4.750  test_acc=0.9911
epoch   7/100  lr=4.700  test_acc=0.9903
epoch   8/100  lr=4.650  test_acc=0.9926
epoch   9/100  lr=4.600  test_acc=0.9925
epoch  10/100  lr=4.550  test_acc=0.9930
epoch  11/100  lr=4.500  test_acc=0.9926
epoch  12/100  lr=4.450  test_acc=0.9916
epoch  13/100  lr=4.400  test_acc=0.9927
epoch  14/100  lr=4.350  test_acc=0.9930
epoch  15/100  lr=4.300  test_acc=0.9929
epoch  16/100  lr=4.250  test_acc=0.9935
epoch  17/100  lr=4.200  test_acc=0.9940
epoch  18/100  lr=4.150  test_acc=0.9937
epoch  19/100  lr=4.100  test_acc=0.9930
epoch  20/100  lr=4.050  test_acc=0.9945
epoch  21/100  lr=4.000  test_acc=0.9936
epoch  22/100  lr=3.950  test_acc=0.9950
epoch  23/100  lr=3.900  test_acc=0.9927
epoch  24/100  lr=3.850  test_acc=0.9950
epoch  25/100  lr=3.800  test_acc=0.9921
epoch  26/100  lr=3.750  test_acc=0.9940
epoch  27/100  lr=3.700  test_acc=0.9938
epoch  28/100  lr=3.650  test_acc=0.9946
epoch  29/100  lr=3.600  test_acc=0.9929
epoch  30/100  lr=3.550  test_acc=0.9948
epoch  31/100  lr=3.500  test_acc=0.9940
epoch  32/100  lr=3.450  test_acc=0.9944
epoch  33/100  lr=3.400  test_acc=0.9945
epoch  34/100  lr=3.350  test_acc=0.9933
epoch  35/100  lr=3.300  test_acc=0.9923
epoch  36/100  lr=3.250  test_acc=0.9948
epoch  37/100  lr=3.200  test_acc=0.9948
epoch  38/100  lr=3.150  test_acc=0.9936
epoch  39/100  lr=3.100  test_acc=0.9947
epoch  40/100  lr=3.050  test_acc=0.9942
epoch  41/100  lr=3.000  test_acc=0.9954
epoch  42/100  lr=2.950  test_acc=0.9941
epoch  43/100  lr=2.900  test_acc=0.9946
epoch  44/100  lr=2.850  test_acc=0.9937
epoch  45/100  lr=2.800  test_acc=0.9944
epoch  46/100  lr=2.750  test_acc=0.9946
epoch  47/100  lr=2.700  test_acc=0.9948
epoch  48/100  lr=2.650  test_acc=0.9953
epoch  49/100  lr=2.600  test_acc=0.9946
epoch  50/100  lr=2.550  test_acc=0.9940
epoch  51/100  lr=2.500  test_acc=0.9956
epoch  52/100  lr=2.450  test_acc=0.9936
epoch  53/100  lr=2.400  test_acc=0.9960
epoch  54/100  lr=2.350  test_acc=0.9948
epoch  55/100  lr=2.300  test_acc=0.9956
epoch  56/100  lr=2.250  test_acc=0.9936
epoch  57/100  lr=2.200  test_acc=0.9948
epoch  58/100  lr=2.150  test_acc=0.9940
epoch  59/100  lr=2.100  test_acc=0.9940
epoch  60/100  lr=2.050  test_acc=0.9947
epoch  61/100  lr=2.000  test_acc=0.9949
epoch  62/100  lr=1.950  test_acc=0.9948
epoch  63/100  lr=1.900  test_acc=0.9947
epoch  64/100  lr=1.850  test_acc=0.9948
epoch  65/100  lr=1.800  test_acc=0.9946
epoch  66/100  lr=1.750  test_acc=0.9942
epoch  67/100  lr=1.700  test_acc=0.9947
epoch  68/100  lr=1.650  test_acc=0.9951
epoch  69/100  lr=1.600  test_acc=0.9951
epoch  70/100  lr=1.550  test_acc=0.9953
epoch  71/100  lr=1.500  test_acc=0.9947
epoch  72/100  lr=1.450  test_acc=0.9951
epoch  73/100  lr=1.400  test_acc=0.9950
epoch  74/100  lr=1.350  test_acc=0.9953
epoch  75/100  lr=1.300  test_acc=0.9943
epoch  76/100  lr=1.250  test_acc=0.9951
epoch  77/100  lr=1.200  test_acc=0.9945
epoch  78/100  lr=1.150  test_acc=0.9943
epoch  79/100  lr=1.100  test_acc=0.9956
epoch  80/100  lr=1.050  test_acc=0.9950
epoch  81/100  lr=1.000  test_acc=0.9950
epoch  82/100  lr=0.950  test_acc=0.9950
epoch  83/100  lr=0.900  test_acc=0.9947
epoch  84/100  lr=0.850  test_acc=0.9952
epoch  85/100  lr=0.800  test_acc=0.9948
epoch  86/100  lr=0.750  test_acc=0.9954
epoch  87/100  lr=0.700  test_acc=0.9951
epoch  88/100  lr=0.650  test_acc=0.9951
epoch  89/100  lr=0.600  test_acc=0.9947
epoch  90/100  lr=0.550  test_acc=0.9948
epoch  91/100  lr=0.500  test_acc=0.9952
epoch  92/100  lr=0.450  test_acc=0.9954
epoch  93/100  lr=0.400  test_acc=0.9951
epoch  94/100  lr=0.350  test_acc=0.9952
epoch  95/100  lr=0.300  test_acc=0.9952
epoch  96/100  lr=0.250  test_acc=0.9949
epoch  97/100  lr=0.200  test_acc=0.9952
epoch  98/100  lr=0.150  test_acc=0.9955
epoch  99/100  lr=0.100  test_acc=0.9949
epoch 100/100  lr=0.050  test_acc=0.9952
Final Accuracy 0.995200
